0 info it worked if it ends with ok
1 verbose cli [ '/usr/bin/node', '/usr/bin/npm', 'uninstall', 'where' ]
2 info using npm@1.4.28
3 info using node@v0.10.33
4 verbose node symlink /usr/bin/node
5 verbose node_modules/where unbuild
6 info preuninstall where@0.1.2
7 info uninstall where@0.1.2
8 verbose true,/home/diego/Hackathon/api/node_modules,/home/diego/Hackathon/api/node_modules unbuild where@0.1.2
9 info postuninstall where@0.1.2
10 error Error: EACCES, unlink '/home/diego/Hackathon/api/node_modules/where/node_modules/.bin/cake'
10 error  { [Error: EACCES, unlink '/home/diego/Hackathon/api/node_modules/where/node_modules/.bin/cake']
10 error   errno: 3,
10 error   code: 'EACCES',
10 error   path: '/home/diego/Hackathon/api/node_modules/where/node_modules/.bin/cake' }
11 error Please try running this command again as root/Administrator.
12 error System Linux 3.13.0-45-generic
13 error command "/usr/bin/node" "/usr/bin/npm" "uninstall" "where"
14 error cwd /home/diego/Hackathon/api
15 error node -v v0.10.33
16 error npm -v 1.4.28
17 error path /home/diego/Hackathon/api/node_modules/where/node_modules/.bin/cake
18 error code EACCES
19 error errno 3
20 error stack Error: EACCES, unlink '/home/diego/Hackathon/api/node_modules/where/node_modules/.bin/cake'
21 verbose exit [ 3, true ]
